<?xml version="1.0" encoding="UTF-8"?>
<!-- Generated by org.testng.reporters.JUnitReportReporter -->
<testsuite skipped="0" hostname="DESKTOP-FU6I2BF" name="Scripts.Logindata" tests="1" failures="0" timestamp="2019-09-27T04:49:56 PDT" time="0.658" errors="0">
  <testcase name="loginData" time="0.658" classname="Scripts.Logindata"/>
</testsuite> <!-- Scripts.Logindata -->
